TN:
SF:src\client.ts
FN:18,UnlayerClient
FN:62,request
FN:91,exportHtml
FN:103,exportImage
FN:115,exportPdf
FN:127,exportZip
FN:141,listTemplates
FN:161,getTemplate
FN:177,renderTemplateHtml
FNF:9
FNH:3
FNDA:10,UnlayerClient
FNDA:3,request
FNDA:0,exportHtml
FNDA:0,exportImage
FNDA:0,exportPdf
FNDA:0,exportZip
FNDA:5,listTemplates
FNDA:0,getTemplate
FNDA:0,renderTemplateHtml
DA:1,1
DA:2,1
DA:3,1
DA:4,1
DA:5,1
DA:6,1
DA:7,1
DA:8,1
DA:9,1
DA:10,1
DA:11,1
DA:12,1
DA:13,1
DA:14,1
DA:15,1
DA:16,1
DA:17,1
DA:18,1
DA:19,10
DA:20,10
DA:21,10
DA:22,10
DA:23,10
DA:24,3
DA:25,3
DA:26,7
DA:27,7
DA:28,7
DA:29,7
DA:30,7
DA:31,7
DA:32,7
DA:33,7
DA:34,7
DA:35,7
DA:36,7
DA:37,7
DA:38,7
DA:39,7
DA:40,7
DA:41,7
DA:42,7
DA:43,7
DA:44,7
DA:45,7
DA:46,7
DA:47,7
DA:48,7
DA:49,7
DA:50,7
DA:51,7
DA:52,7
DA:53,1
DA:54,1
DA:55,1
DA:56,1
DA:57,1
DA:58,1
DA:59,1
DA:60,1
DA:61,1
DA:62,1
DA:63,3
DA:64,3
DA:65,3
DA:66,3
DA:67,3
DA:68,3
DA:69,3
DA:70,2
DA:71,2
DA:72,2
DA:73,3
DA:74,1
DA:75,1
DA:76,1
DA:77,1
DA:78,1
DA:79,3
DA:80,1
DA:81,1
DA:82,1
DA:83,1
DA:84,1
DA:85,1
DA:86,1
DA:87,1
DA:88,1
DA:89,1
DA:90,1
DA:91,1
DA:92,0
DA:93,0
DA:94,1
DA:95,1
DA:96,1
DA:97,1
DA:98,1
DA:99,1
DA:100,1
DA:101,1
DA:102,1
DA:103,1
DA:104,0
DA:105,0
DA:106,1
DA:107,1
DA:108,1
DA:109,1
DA:110,1
DA:111,1
DA:112,1
DA:113,1
DA:114,1
DA:115,1
DA:116,0
DA:117,0
DA:118,1
DA:119,1
DA:120,1
DA:121,1
DA:122,1
DA:123,1
DA:124,1
DA:125,1
DA:126,1
DA:127,1
DA:128,0
DA:129,0
DA:130,1
DA:131,1
DA:132,1
DA:133,1
DA:134,1
DA:135,1
DA:136,1
DA:137,1
DA:138,1
DA:139,1
DA:140,1
DA:141,1
DA:142,5
DA:143,5
DA:144,1
DA:145,1
DA:146,5
DA:147,1
DA:148,1
DA:149,3
DA:150,3
DA:151,1
DA:152,1
DA:153,1
DA:154,1
DA:155,1
DA:156,1
DA:157,1
DA:158,1
DA:159,1
DA:160,1
DA:161,1
DA:162,0
DA:163,0
DA:164,0
DA:165,0
DA:166,0
DA:167,1
DA:168,1
DA:169,1
DA:170,1
DA:171,1
DA:172,1
DA:173,1
DA:174,1
DA:175,1
DA:176,1
DA:177,1
DA:178,0
DA:179,0
DA:180,0
DA:181,0
DA:182,0
DA:183,1
LF:183
LH:165
BRDA:18,0,0,10
BRDA:23,1,0,3
BRDA:26,2,0,7
BRDA:62,3,0,3
BRDA:70,4,0,2
BRDA:73,5,0,1
BRDA:141,6,0,5
BRDA:143,7,0,2
BRDA:143,8,0,3
BRDA:143,9,0,2
BRDA:143,10,0,1
BRDA:146,11,0,4
BRDA:146,12,0,2
BRDA:146,13,0,2
BRDA:146,14,0,2
BRDA:146,15,0,1
BRDA:149,16,0,3
BRF:17
BRH:17
end_of_record
TN:
SF:src\errors.ts
FN:10,UnlayerApiError
FN:29,isUnlayerApiError
FN:38,handleApiError
FNF:3
FNH:3
FNDA:1,UnlayerApiError
FNDA:2,isUnlayerApiError
FNDA:1,handleApiError
DA:1,1
DA:2,1
DA:3,1
DA:4,1
DA:5,1
DA:6,1
DA:7,1
DA:8,1
DA:9,1
DA:10,1
DA:11,1
DA:12,1
DA:13,1
DA:14,1
DA:15,1
DA:16,1
DA:17,1
DA:18,1
DA:19,1
DA:20,1
DA:21,1
DA:22,1
DA:23,1
DA:24,1
DA:25,1
DA:26,1
DA:27,1
DA:28,1
DA:29,2
DA:30,2
DA:31,2
DA:32,1
DA:33,1
DA:34,1
DA:35,1
DA:36,1
DA:37,1
DA:38,1
DA:39,1
DA:40,1
DA:41,1
DA:42,1
DA:43,1
DA:44,1
DA:45,1
DA:46,1
DA:47,1
DA:48,1
DA:49,0
DA:50,0
DA:51,1
DA:52,1
DA:53,1
DA:54,0
DA:55,0
DA:56,0
DA:57,0
DA:58,0
DA:59,0
DA:60,0
DA:61,0
DA:62,0
DA:63,0
DA:64,0
DA:65,0
DA:66,0
DA:67,1
DA:68,0
DA:69,0
DA:70,0
DA:71,0
DA:72,0
DA:73,0
DA:74,1
LF:74
LH:53
BRDA:10,0,0,1
BRDA:29,1,0,2
BRDA:38,2,0,1
BRDA:48,3,0,0
BRDA:52,4,0,0
BRDA:53,5,0,0
BRDA:67,6,0,0
BRF:7
BRH:3
end_of_record
